<?xml version="1.0" encoding="UTF-8"?>
<testng-results ignored="0" total="1" passed="1" failed="0" skipped="0">
  <reporter-output>
  </reporter-output>
  <suite started-at="2024-02-02T12:29:49 IST" name="Default suite" finished-at="2024-02-02T12:29:59 IST" duration-ms="10249">
    <groups>
    </groups>
    <test started-at="2024-02-02T12:29:49 IST" name="Default test" finished-at="2024-02-02T12:29:59 IST" duration-ms="10249">
      <class name="Login.Launch_Url">
        <test-method signature="setup()[pri:0, instance:Login.Launch_Url@351d00c0]" started-at="2024-02-02T12:29:49 IST" name="setup" finished-at="2024-02-02T12:29:59 IST" duration-ms="10195" status="PASS">
          <reporter-output>
          </reporter-output>
        </test-method> <!-- setup -->
      </class> <!-- Login.Launch_Url -->
    </test> <!-- Default test -->
  </suite> <!-- Default suite -->
</testng-results>
